<?xml version="1.0" encoding="UTF-8"?>
<testsuite xmlns:xsi="http://www.w3.org/2001/XMLSchema-instance" xsi:noNamespaceSchemaLocation="https://maven.apache.org/surefire/maven-surefire-plugin/xsd/surefire-test-report.xsd" name="com.rahul.webTestRunner.TestRunner" time="0.608" tests="0" errors="0" skipped="0" failures="0">
  <properties>
    <property name="java.specification.version" value="18"/>
    <property name="sun.cpu.isalist" value="amd64"/>
    <property name="sun.jnu.encoding" value="Cp1252"/>
    <property name="java.class.path" value="E:\Udemy_Java_Course\RahulShettyAddProduct\target\test-classes;E:\Udemy_Java_Course\RahulShettyAddProduct\target\classes;C:\Users\Dnyaneshwar\.m2\repository\org\seleniumhq\selenium\selenium-java\4.16.0\selenium-java-4.16.0.jar;C:\Users\Dnyaneshwar\.m2\repository\org\seleniumhq\selenium\selenium-api\4.16.0\selenium-api-4.16.0.jar;C:\Users\Dnyaneshwar\.m2\repository\org\seleniumhq\selenium\selenium-chrome-driver\4.16.0\selenium-chrome-driver-4.16.0.jar;C:\Users\Dnyaneshwar\.m2\repository\com\google\auto\service\auto-service-annotations\1.1.1\auto-service-annotations-1.1.1.jar;C:\Users\Dnyaneshwar\.m2\repository\org\seleniumhq\selenium\selenium-chromium-driver\4.16.0\selenium-chromium-driver-4.16.0.jar;C:\Users\Dnyaneshwar\.m2\repository\org\seleniumhq\selenium\selenium-json\4.16.0\selenium-json-4.16.0.jar;C:\Users\Dnyaneshwar\.m2\repository\org\seleniumhq\selenium\selenium-manager\4.16.0\selenium-manager-4.16.0.jar;C:\Users\Dnyaneshwar\.m2\repository\org\seleniumhq\selenium\selenium-devtools-v118\4.16.0\selenium-devtools-v118-4.16.0.jar;C:\Users\Dnyaneshwar\.m2\repository\org\seleniumhq\selenium\selenium-devtools-v119\4.16.0\selenium-devtools-v119-4.16.0.jar;C:\Users\Dnyaneshwar\.m2\repository\org\seleniumhq\selenium\selenium-devtools-v120\4.16.0\selenium-devtools-v120-4.16.0.jar;C:\Users\Dnyaneshwar\.m2\repository\org\seleniumhq\selenium\selenium-devtools-v85\4.16.0\selenium-devtools-v85-4.16.0.jar;C:\Users\Dnyaneshwar\.m2\repository\org\seleniumhq\selenium\selenium-edge-driver\4.16.0\selenium-edge-driver-4.16.0.jar;C:\Users\Dnyaneshwar\.m2\repository\org\seleniumhq\selenium\selenium-firefox-driver\4.16.0\selenium-firefox-driver-4.16.0.jar;C:\Users\Dnyaneshwar\.m2\repository\org\seleniumhq\selenium\selenium-http\4.16.0\selenium-http-4.16.0.jar;C:\Users\Dnyaneshwar\.m2\repository\dev\failsafe\failsafe\3.3.2\failsafe-3.3.2.jar;C:\Users\Dnyaneshwar\.m2\repository\org\seleniumhq\selenium\selenium-ie-driver\4.16.0\selenium-ie-driver-4.16.0.jar;C:\Users\Dnyaneshwar\.m2\repository\org\seleniumhq\selenium\selenium-remote-driver\4.16.0\selenium-remote-driver-4.16.0.jar;C:\Users\Dnyaneshwar\.m2\repository\io\opentelemetry\opentelemetry-api\1.28.0\opentelemetry-api-1.28.0.jar;C:\Users\Dnyaneshwar\.m2\repository\io\opentelemetry\opentelemetry-context\1.28.0\opentelemetry-context-1.28.0.jar;C:\Users\Dnyaneshwar\.m2\repository\io\opentelemetry\opentelemetry-exporter-logging\1.28.0\opentelemetry-exporter-logging-1.28.0.jar;C:\Users\Dnyaneshwar\.m2\repository\io\opentelemetry\opentelemetry-sdk-metrics\1.28.0\opentelemetry-sdk-metrics-1.28.0.jar;C:\Users\Dnyaneshwar\.m2\repository\io\opentelemetry\opentelemetry-extension-incubator\1.28.0-alpha\opentelemetry-extension-incubator-1.28.0-alpha.jar;C:\Users\Dnyaneshwar\.m2\repository\io\opentelemetry\opentelemetry-sdk-logs\1.28.0\opentelemetry-sdk-logs-1.28.0.jar;C:\Users\Dnyaneshwar\.m2\repository\io\opentelemetry\opentelemetry-sdk-common\1.28.0\opentelemetry-sdk-common-1.28.0.jar;C:\Users\Dnyaneshwar\.m2\repository\io\opentelemetry\opentelemetry-sdk-extension-autoconfigure-spi\1.28.0\opentelemetry-sdk-extension-autoconfigure-spi-1.28.0.jar;C:\Users\Dnyaneshwar\.m2\repository\io\opentelemetry\opentelemetry-sdk-extension-autoconfigure\1.28.0\opentelemetry-sdk-extension-autoconfigure-1.28.0.jar;C:\Users\Dnyaneshwar\.m2\repository\io\opentelemetry\opentelemetry-api-events\1.28.0-alpha\opentelemetry-api-events-1.28.0-alpha.jar;C:\Users\Dnyaneshwar\.m2\repository\io\opentelemetry\opentelemetry-sdk-trace\1.28.0\opentelemetry-sdk-trace-1.28.0.jar;C:\Users\Dnyaneshwar\.m2\repository\io\opentelemetry\opentelemetry-sdk\1.28.0\opentelemetry-sdk-1.28.0.jar;C:\Users\Dnyaneshwar\.m2\repository\io\opentelemetry\opentelemetry-semconv\1.28.0-alpha\opentelemetry-semconv-1.28.0-alpha.jar;C:\Users\Dnyaneshwar\.m2\repository\net\bytebuddy\byte-buddy\1.14.5\byte-buddy-1.14.5.jar;C:\Users\Dnyaneshwar\.m2\repository\org\seleniumhq\selenium\selenium-os\4.16.0\selenium-os-4.16.0.jar;C:\Users\Dnyaneshwar\.m2\repository\org\apache\commons\commons-exec\1.3\commons-exec-1.3.jar;C:\Users\Dnyaneshwar\.m2\repository\org\seleniumhq\selenium\selenium-safari-driver\4.16.0\selenium-safari-driver-4.16.0.jar;C:\Users\Dnyaneshwar\.m2\repository\org\seleniumhq\selenium\selenium-support\4.16.0\selenium-support-4.16.0.jar;C:\Users\Dnyaneshwar\.m2\repository\org\seleniumhq\selenium\core\selenium-core\1.0\selenium-core-1.0.jar;C:\Users\Dnyaneshwar\.m2\repository\org\testng\testng\7.7.0\testng-7.7.0.jar;C:\Users\Dnyaneshwar\.m2\repository\com\beust\jcommander\1.82\jcommander-1.82.jar;C:\Users\Dnyaneshwar\.m2\repository\org\webjars\jquery\3.6.1\jquery-3.6.1.jar;C:\Users\Dnyaneshwar\.m2\repository\commons-io\commons-io\2.16.1\commons-io-2.16.1.jar;C:\Users\Dnyaneshwar\.m2\repository\io\github\bonigarcia\webdrivermanager\5.6.3\webdrivermanager-5.6.3.jar;C:\Users\Dnyaneshwar\.m2\repository\com\google\code\gson\gson\2.10.1\gson-2.10.1.jar;C:\Users\Dnyaneshwar\.m2\repository\com\github\docker-java\docker-java\3.3.4\docker-java-3.3.4.jar;C:\Users\Dnyaneshwar\.m2\repository\com\github\docker-java\docker-java-core\3.3.4\docker-java-core-3.3.4.jar;C:\Users\Dnyaneshwar\.m2\repository\com\github\docker-java\docker-java-api\3.3.4\docker-java-api-3.3.4.jar;C:\Users\Dnyaneshwar\.m2\repository\org\bouncycastle\bcpkix-jdk18on\1.76\bcpkix-jdk18on-1.76.jar;C:\Users\Dnyaneshwar\.m2\repository\org\bouncycastle\bcprov-jdk18on\1.76\bcprov-jdk18on-1.76.jar;C:\Users\Dnyaneshwar\.m2\repository\org\bouncycastle\bcutil-jdk18on\1.76\bcutil-jdk18on-1.76.jar;C:\Users\Dnyaneshwar\.m2\repository\org\slf4j\jcl-over-slf4j\1.7.30\jcl-over-slf4j-1.7.30.jar;C:\Users\Dnyaneshwar\.m2\repository\com\github\docker-java\docker-java-transport-httpclient5\3.3.4\docker-java-transport-httpclient5-3.3.4.jar;C:\Users\Dnyaneshwar\.m2\repository\com\github\docker-java\docker-java-transport\3.3.4\docker-java-transport-3.3.4.jar;C:\Users\Dnyaneshwar\.m2\repository\net\java\dev\jna\jna\5.13.0\jna-5.13.0.jar;C:\Users\Dnyaneshwar\.m2\repository\org\brotli\dec\0.1.2\dec-0.1.2.jar;C:\Users\Dnyaneshwar\.m2\repository\org\apache\commons\commons-lang3\3.14.0\commons-lang3-3.14.0.jar;C:\Users\Dnyaneshwar\.m2\repository\org\apache\commons\commons-compress\1.25.0\commons-compress-1.25.0.jar;C:\Users\Dnyaneshwar\.m2\repository\org\apache\httpcomponents\client5\httpclient5\5.2.1\httpclient5-5.2.1.jar;C:\Users\Dnyaneshwar\.m2\repository\org\apache\httpcomponents\core5\httpcore5\5.2\httpcore5-5.2.jar;C:\Users\Dnyaneshwar\.m2\repository\org\apache\httpcomponents\core5\httpcore5-h2\5.2\httpcore5-h2-5.2.jar;C:\Users\Dnyaneshwar\.m2\repository\io\cucumber\cucumber-java\6.9.1\cucumber-java-6.9.1.jar;C:\Users\Dnyaneshwar\.m2\repository\org\apiguardian\apiguardian-api\1.1.0\apiguardian-api-1.1.0.jar;C:\Users\Dnyaneshwar\.m2\repository\io\cucumber\cucumber-core\6.9.1\cucumber-core-6.9.1.jar;C:\Users\Dnyaneshwar\.m2\repository\io\cucumber\cucumber-gherkin\6.9.1\cucumber-gherkin-6.9.1.jar;C:\Users\Dnyaneshwar\.m2\repository\io\cucumber\cucumber-gherkin-messages\6.9.1\cucumber-gherkin-messages-6.9.1.jar;C:\Users\Dnyaneshwar\.m2\repository\io\cucumber\messages\13.2.1\messages-13.2.1.jar;C:\Users\Dnyaneshwar\.m2\repository\io\cucumber\tag-expressions\3.0.0\tag-expressions-3.0.0.jar;C:\Users\Dnyaneshwar\.m2\repository\io\cucumber\cucumber-expressions\10.3.0\cucumber-expressions-10.3.0.jar;C:\Users\Dnyaneshwar\.m2\repository\io\cucumber\datatable\3.5.0\datatable-3.5.0.jar;C:\Users\Dnyaneshwar\.m2\repository\io\cucumber\cucumber-plugin\6.9.1\cucumber-plugin-6.9.1.jar;C:\Users\Dnyaneshwar\.m2\repository\io\cucumber\docstring\6.9.1\docstring-6.9.1.jar;C:\Users\Dnyaneshwar\.m2\repository\io\cucumber\html-formatter\9.0.0\html-formatter-9.0.0.jar;C:\Users\Dnyaneshwar\.m2\repository\io\cucumber\create-meta\2.0.4\create-meta-2.0.4.jar;C:\Users\Dnyaneshwar\.m2\repository\io\cucumber\cucumber-testng\6.9.1\cucumber-testng-6.9.1.jar;C:\Users\Dnyaneshwar\.m2\repository\io\cucumber\cucumber-junit\7.11.2\cucumber-junit-7.11.2.jar;C:\Users\Dnyaneshwar\.m2\repository\junit\junit\4.13.2\junit-4.13.2.jar;C:\Users\Dnyaneshwar\.m2\repository\org\hamcrest\hamcrest-core\1.3\hamcrest-core-1.3.jar;C:\Users\Dnyaneshwar\.m2\repository\net\masterthought\cucumber-reporting\5.7.0\cucumber-reporting-5.7.0.jar;C:\Users\Dnyaneshwar\.m2\repository\com\fasterxml\jackson\core\jackson-databind\2.13.0\jackson-databind-2.13.0.jar;C:\Users\Dnyaneshwar\.m2\repository\com\fasterxml\jackson\core\jackson-annotations\2.13.0\jackson-annotations-2.13.0.jar;C:\Users\Dnyaneshwar\.m2\repository\com\fasterxml\jackson\core\jackson-core\2.13.0\jackson-core-2.13.0.jar;C:\Users\Dnyaneshwar\.m2\repository\com\fasterxml\jackson\datatype\jackson-datatype-jsr310\2.13.0\jackson-datatype-jsr310-2.13.0.jar;C:\Users\Dnyaneshwar\.m2\repository\org\apache\velocity\velocity-engine-core\2.3\velocity-engine-core-2.3.jar;C:\Users\Dnyaneshwar\.m2\repository\commons-collections\commons-collections\3.2.2\commons-collections-3.2.2.jar;C:\Users\Dnyaneshwar\.m2\repository\joda-time\joda-time\2.10.10\joda-time-2.10.10.jar;C:\Users\Dnyaneshwar\.m2\repository\org\codehaus\plexus\plexus-utils\3.3.0\plexus-utils-3.3.0.jar;C:\Users\Dnyaneshwar\.m2\repository\org\jsoup\jsoup\1.14.2\jsoup-1.14.2.jar;C:\Users\Dnyaneshwar\.m2\repository\com\google\guava\guava\30.1.1-jre\guava-30.1.1-jre.jar;C:\Users\Dnyaneshwar\.m2\repository\com\google\guava\failureaccess\1.0.1\failureaccess-1.0.1.jar;C:\Users\Dnyaneshwar\.m2\repository\com\google\guava\listenablefuture\9999.0-empty-to-avoid-conflict-with-guava\listenablefuture-9999.0-empty-to-avoid-conflict-with-guava.jar;C:\Users\Dnyaneshwar\.m2\repository\com\google\code\findbugs\jsr305\3.0.2\jsr305-3.0.2.jar;C:\Users\Dnyaneshwar\.m2\repository\org\checkerframework\checker-qual\3.8.0\checker-qual-3.8.0.jar;C:\Users\Dnyaneshwar\.m2\repository\com\google\errorprone\error_prone_annotations\2.5.1\error_prone_annotations-2.5.1.jar;C:\Users\Dnyaneshwar\.m2\repository\com\google\j2objc\j2objc-annotations\1.3\j2objc-annotations-1.3.jar;C:\Users\Dnyaneshwar\.m2\repository\com\googlecode\owasp-java-html-sanitizer\owasp-java-html-sanitizer\20211018.2\owasp-java-html-sanitizer-20211018.2.jar;C:\Users\Dnyaneshwar\.m2\repository\commons-configuration\commons-configuration\1.10\commons-configuration-1.10.jar;C:\Users\Dnyaneshwar\.m2\repository\commons-lang\commons-lang\2.6\commons-lang-2.6.jar;C:\Users\Dnyaneshwar\.m2\repository\commons-logging\commons-logging\1.1.1\commons-logging-1.1.1.jar;C:\Users\Dnyaneshwar\.m2\repository\javax\xml\parsers\jaxp-api\1.4.5\jaxp-api-1.4.5.jar;C:\Users\Dnyaneshwar\.m2\repository\com\googlecode\json-simple\json-simple\1.1.1\json-simple-1.1.1.jar;C:\Users\Dnyaneshwar\.m2\repository\org\freemarker\freemarker\2.3.32\freemarker-2.3.32.jar;C:\Users\Dnyaneshwar\.m2\repository\org\slf4j\slf4j-api\1.7.5\slf4j-api-1.7.5.jar;C:\Users\Dnyaneshwar\.m2\repository\org\slf4j\slf4j-log4j12\1.7.5\slf4j-log4j12-1.7.5.jar;C:\Users\Dnyaneshwar\.m2\repository\log4j\log4j\1.2.17\log4j-1.2.17.jar;C:\Users\Dnyaneshwar\.m2\repository\org\apache\maven\surefire\surefire-testng-utils\2.22.0\surefire-testng-utils-2.22.0.jar;C:\Users\Dnyaneshwar\.m2\repository\org\apache\maven\surefire\surefire-grouper\2.22.0\surefire-grouper-2.22.0.jar;"/>
    <property name="java.vm.vendor" value="Eclipse Adoptium"/>
    <property name="sun.arch.data.model" value="64"/>
    <property name="user.variant" value=""/>
    <property name="java.vendor.url" value="https://adoptium.net/"/>
    <property name="user.timezone" value="Asia/Calcutta"/>
    <property name="os.name" value="Windows 11"/>
    <property name="java.vm.specification.version" value="18"/>
    <property name="sun.java.launcher" value="SUN_STANDARD"/>
    <property name="user.country" value="IN"/>
    <property name="sun.boot.library.path" value="C:\Users\Dnyaneshwar\.p2\pool\plugins\org.eclipse.justj.openjdk.hotspot.jre.full.win32.x86_64_18.0.1.v20220515-1614\jre\bin"/>
    <property name="sun.java.command" value="C:\Users\DNYANE~1\AppData\Local\Temp\surefire16116242275632168286\surefirebooter10807849996923411936.jar C:\Users\Dnyaneshwar\AppData\Local\Temp\surefire16116242275632168286 2025-02-16T18-32-34_172-jvmRun1 surefire2497748094081895016tmp surefire_06632477134796681437tmp"/>
    <property name="jdk.debug" value="release"/>
    <property name="surefire.test.class.path" value="E:\Udemy_Java_Course\RahulShettyAddProduct\target\test-classes;E:\Udemy_Java_Course\RahulShettyAddProduct\target\classes;C:\Users\Dnyaneshwar\.m2\repository\org\seleniumhq\selenium\selenium-java\4.16.0\selenium-java-4.16.0.jar;C:\Users\Dnyaneshwar\.m2\repository\org\seleniumhq\selenium\selenium-api\4.16.0\selenium-api-4.16.0.jar;C:\Users\Dnyaneshwar\.m2\repository\org\seleniumhq\selenium\selenium-chrome-driver\4.16.0\selenium-chrome-driver-4.16.0.jar;C:\Users\Dnyaneshwar\.m2\repository\com\google\auto\service\auto-service-annotations\1.1.1\auto-service-annotations-1.1.1.jar;C:\Users\Dnyaneshwar\.m2\repository\org\seleniumhq\selenium\selenium-chromium-driver\4.16.0\selenium-chromium-driver-4.16.0.jar;C:\Users\Dnyaneshwar\.m2\repository\org\seleniumhq\selenium\selenium-json\4.16.0\selenium-json-4.16.0.jar;C:\Users\Dnyaneshwar\.m2\repository\org\seleniumhq\selenium\selenium-manager\4.16.0\selenium-manager-4.16.0.jar;C:\Users\Dnyaneshwar\.m2\repository\org\seleniumhq\selenium\selenium-devtools-v118\4.16.0\selenium-devtools-v118-4.16.0.jar;C:\Users\Dnyaneshwar\.m2\repository\org\seleniumhq\selenium\selenium-devtools-v119\4.16.0\selenium-devtools-v119-4.16.0.jar;C:\Users\Dnyaneshwar\.m2\repository\org\seleniumhq\selenium\selenium-devtools-v120\4.16.0\selenium-devtools-v120-4.16.0.jar;C:\Users\Dnyaneshwar\.m2\repository\org\seleniumhq\selenium\selenium-devtools-v85\4.16.0\selenium-devtools-v85-4.16.0.jar;C:\Users\Dnyaneshwar\.m2\repository\org\seleniumhq\selenium\selenium-edge-driver\4.16.0\selenium-edge-driver-4.16.0.jar;C:\Users\Dnyaneshwar\.m2\repository\org\seleniumhq\selenium\selenium-firefox-driver\4.16.0\selenium-firefox-driver-4.16.0.jar;C:\Users\Dnyaneshwar\.m2\repository\org\seleniumhq\selenium\selenium-http\4.16.0\selenium-http-4.16.0.jar;C:\Users\Dnyaneshwar\.m2\repository\dev\failsafe\failsafe\3.3.2\failsafe-3.3.2.jar;C:\Users\Dnyaneshwar\.m2\repository\org\seleniumhq\selenium\selenium-ie-driver\4.16.0\selenium-ie-driver-4.16.0.jar;C:\Users\Dnyaneshwar\.m2\repository\org\seleniumhq\selenium\selenium-remote-driver\4.16.0\selenium-remote-driver-4.16.0.jar;C:\Users\Dnyaneshwar\.m2\repository\io\opentelemetry\opentelemetry-api\1.28.0\opentelemetry-api-1.28.0.jar;C:\Users\Dnyaneshwar\.m2\repository\io\opentelemetry\opentelemetry-context\1.28.0\opentelemetry-context-1.28.0.jar;C:\Users\Dnyaneshwar\.m2\repository\io\opentelemetry\opentelemetry-exporter-logging\1.28.0\opentelemetry-exporter-logging-1.28.0.jar;C:\Users\Dnyaneshwar\.m2\repository\io\opentelemetry\opentelemetry-sdk-metrics\1.28.0\opentelemetry-sdk-metrics-1.28.0.jar;C:\Users\Dnyaneshwar\.m2\repository\io\opentelemetry\opentelemetry-extension-incubator\1.28.0-alpha\opentelemetry-extension-incubator-1.28.0-alpha.jar;C:\Users\Dnyaneshwar\.m2\repository\io\opentelemetry\opentelemetry-sdk-logs\1.28.0\opentelemetry-sdk-logs-1.28.0.jar;C:\Users\Dnyaneshwar\.m2\repository\io\opentelemetry\opentelemetry-sdk-common\1.28.0\opentelemetry-sdk-common-1.28.0.jar;C:\Users\Dnyaneshwar\.m2\repository\io\opentelemetry\opentelemetry-sdk-extension-autoconfigure-spi\1.28.0\opentelemetry-sdk-extension-autoconfigure-spi-1.28.0.jar;C:\Users\Dnyaneshwar\.m2\repository\io\opentelemetry\opentelemetry-sdk-extension-autoconfigure\1.28.0\opentelemetry-sdk-extension-autoconfigure-1.28.0.jar;C:\Users\Dnyaneshwar\.m2\repository\io\opentelemetry\opentelemetry-api-events\1.28.0-alpha\opentelemetry-api-events-1.28.0-alpha.jar;C:\Users\Dnyaneshwar\.m2\repository\io\opentelemetry\opentelemetry-sdk-trace\1.28.0\opentelemetry-sdk-trace-1.28.0.jar;C:\Users\Dnyaneshwar\.m2\repository\io\opentelemetry\opentelemetry-sdk\1.28.0\opentelemetry-sdk-1.28.0.jar;C:\Users\Dnyaneshwar\.m2\repository\io\opentelemetry\opentelemetry-semconv\1.28.0-alpha\opentelemetry-semconv-1.28.0-alpha.jar;C:\Users\Dnyaneshwar\.m2\repository\net\bytebuddy\byte-buddy\1.14.5\byte-buddy-1.14.5.jar;C:\Users\Dnyaneshwar\.m2\repository\org\seleniumhq\selenium\selenium-os\4.16.0\selenium-os-4.16.0.jar;C:\Users\Dnyaneshwar\.m2\repository\org\apache\commons\commons-exec\1.3\commons-exec-1.3.jar;C:\Users\Dnyaneshwar\.m2\repository\org\seleniumhq\selenium\selenium-safari-driver\4.16.0\selenium-safari-driver-4.16.0.jar;C:\Users\Dnyaneshwar\.m2\repository\org\seleniumhq\selenium\selenium-support\4.16.0\selenium-support-4.16.0.jar;C:\Users\Dnyaneshwar\.m2\repository\org\seleniumhq\selenium\core\selenium-core\1.0\selenium-core-1.0.jar;C:\Users\Dnyaneshwar\.m2\repository\org\testng\testng\7.7.0\testng-7.7.0.jar;C:\Users\Dnyaneshwar\.m2\repository\com\beust\jcommander\1.82\jcommander-1.82.jar;C:\Users\Dnyaneshwar\.m2\repository\org\webjars\jquery\3.6.1\jquery-3.6.1.jar;C:\Users\Dnyaneshwar\.m2\repository\commons-io\commons-io\2.16.1\commons-io-2.16.1.jar;C:\Users\Dnyaneshwar\.m2\repository\io\github\bonigarcia\webdrivermanager\5.6.3\webdrivermanager-5.6.3.jar;C:\Users\Dnyaneshwar\.m2\repository\com\google\code\gson\gson\2.10.1\gson-2.10.1.jar;C:\Users\Dnyaneshwar\.m2\repository\com\github\docker-java\docker-java\3.3.4\docker-java-3.3.4.jar;C:\Users\Dnyaneshwar\.m2\repository\com\github\docker-java\docker-java-core\3.3.4\docker-java-core-3.3.4.jar;C:\Users\Dnyaneshwar\.m2\repository\com\github\docker-java\docker-java-api\3.3.4\docker-java-api-3.3.4.jar;C:\Users\Dnyaneshwar\.m2\repository\org\bouncycastle\bcpkix-jdk18on\1.76\bcpkix-jdk18on-1.76.jar;C:\Users\Dnyaneshwar\.m2\repository\org\bouncycastle\bcprov-jdk18on\1.76\bcprov-jdk18on-1.76.jar;C:\Users\Dnyaneshwar\.m2\repository\org\bouncycastle\bcutil-jdk18on\1.76\bcutil-jdk18on-1.76.jar;C:\Users\Dnyaneshwar\.m2\repository\org\slf4j\jcl-over-slf4j\1.7.30\jcl-over-slf4j-1.7.30.jar;C:\Users\Dnyaneshwar\.m2\repository\com\github\docker-java\docker-java-transport-httpclient5\3.3.4\docker-java-transport-httpclient5-3.3.4.jar;C:\Users\Dnyaneshwar\.m2\repository\com\github\docker-java\docker-java-transport\3.3.4\docker-java-transport-3.3.4.jar;C:\Users\Dnyaneshwar\.m2\repository\net\java\dev\jna\jna\5.13.0\jna-5.13.0.jar;C:\Users\Dnyaneshwar\.m2\repository\org\brotli\dec\0.1.2\dec-0.1.2.jar;C:\Users\Dnyaneshwar\.m2\repository\org\apache\commons\commons-lang3\3.14.0\commons-lang3-3.14.0.jar;C:\Users\Dnyaneshwar\.m2\repository\org\apache\commons\commons-compress\1.25.0\commons-compress-1.25.0.jar;C:\Users\Dnyaneshwar\.m2\repository\org\apache\httpcomponents\client5\httpclient5\5.2.1\httpclient5-5.2.1.jar;C:\Users\Dnyaneshwar\.m2\repository\org\apache\httpcomponents\core5\httpcore5\5.2\httpcore5-5.2.jar;C:\Users\Dnyaneshwar\.m2\repository\org\apache\httpcomponents\core5\httpcore5-h2\5.2\httpcore5-h2-5.2.jar;C:\Users\Dnyaneshwar\.m2\repository\io\cucumber\cucumber-java\6.9.1\cucumber-java-6.9.1.jar;C:\Users\Dnyaneshwar\.m2\repository\org\apiguardian\apiguardian-api\1.1.0\apiguardian-api-1.1.0.jar;C:\Users\Dnyaneshwar\.m2\repository\io\cucumber\cucumber-core\6.9.1\cucumber-core-6.9.1.jar;C:\Users\Dnyaneshwar\.m2\repository\io\cucumber\cucumber-gherkin\6.9.1\cucumber-gherkin-6.9.1.jar;C:\Users\Dnyaneshwar\.m2\repository\io\cucumber\cucumber-gherkin-messages\6.9.1\cucumber-gherkin-messages-6.9.1.jar;C:\Users\Dnyaneshwar\.m2\repository\io\cucumber\messages\13.2.1\messages-13.2.1.jar;C:\Users\Dnyaneshwar\.m2\repository\io\cucumber\tag-expressions\3.0.0\tag-expressions-3.0.0.jar;C:\Users\Dnyaneshwar\.m2\repository\io\cucumber\cucumber-expressions\10.3.0\cucumber-expressions-10.3.0.jar;C:\Users\Dnyaneshwar\.m2\repository\io\cucumber\datatable\3.5.0\datatable-3.5.0.jar;C:\Users\Dnyaneshwar\.m2\repository\io\cucumber\cucumber-plugin\6.9.1\cucumber-plugin-6.9.1.jar;C:\Users\Dnyaneshwar\.m2\repository\io\cucumber\docstring\6.9.1\docstring-6.9.1.jar;C:\Users\Dnyaneshwar\.m2\repository\io\cucumber\html-formatter\9.0.0\html-formatter-9.0.0.jar;C:\Users\Dnyaneshwar\.m2\repository\io\cucumber\create-meta\2.0.4\create-meta-2.0.4.jar;C:\Users\Dnyaneshwar\.m2\repository\io\cucumber\cucumber-testng\6.9.1\cucumber-testng-6.9.1.jar;C:\Users\Dnyaneshwar\.m2\repository\io\cucumber\cucumber-junit\7.11.2\cucumber-junit-7.11.2.jar;C:\Users\Dnyaneshwar\.m2\repository\junit\junit\4.13.2\junit-4.13.2.jar;C:\Users\Dnyaneshwar\.m2\repository\org\hamcrest\hamcrest-core\1.3\hamcrest-core-1.3.jar;C:\Users\Dnyaneshwar\.m2\repository\net\masterthought\cucumber-reporting\5.7.0\cucumber-reporting-5.7.0.jar;C:\Users\Dnyaneshwar\.m2\repository\com\fasterxml\jackson\core\jackson-databind\2.13.0\jackson-databind-2.13.0.jar;C:\Users\Dnyaneshwar\.m2\repository\com\fasterxml\jackson\core\jackson-annotations\2.13.0\jackson-annotations-2.13.0.jar;C:\Users\Dnyaneshwar\.m2\repository\com\fasterxml\jackson\core\jackson-core\2.13.0\jackson-core-2.13.0.jar;C:\Users\Dnyaneshwar\.m2\repository\com\fasterxml\jackson\datatype\jackson-datatype-jsr310\2.13.0\jackson-datatype-jsr310-2.13.0.jar;C:\Users\Dnyaneshwar\.m2\repository\org\apache\velocity\velocity-engine-core\2.3\velocity-engine-core-2.3.jar;C:\Users\Dnyaneshwar\.m2\repository\commons-collections\commons-collections\3.2.2\commons-collections-3.2.2.jar;C:\Users\Dnyaneshwar\.m2\repository\joda-time\joda-time\2.10.10\joda-time-2.10.10.jar;C:\Users\Dnyaneshwar\.m2\repository\org\codehaus\plexus\plexus-utils\3.3.0\plexus-utils-3.3.0.jar;C:\Users\Dnyaneshwar\.m2\repository\org\jsoup\jsoup\1.14.2\jsoup-1.14.2.jar;C:\Users\Dnyaneshwar\.m2\repository\com\google\guava\guava\30.1.1-jre\guava-30.1.1-jre.jar;C:\Users\Dnyaneshwar\.m2\repository\com\google\guava\failureaccess\1.0.1\failureaccess-1.0.1.jar;C:\Users\Dnyaneshwar\.m2\repository\com\google\guava\listenablefuture\9999.0-empty-to-avoid-conflict-with-guava\listenablefuture-9999.0-empty-to-avoid-conflict-with-guava.jar;C:\Users\Dnyaneshwar\.m2\repository\com\google\code\findbugs\jsr305\3.0.2\jsr305-3.0.2.jar;C:\Users\Dnyaneshwar\.m2\repository\org\checkerframework\checker-qual\3.8.0\checker-qual-3.8.0.jar;C:\Users\Dnyaneshwar\.m2\repository\com\google\errorprone\error_prone_annotations\2.5.1\error_prone_annotations-2.5.1.jar;C:\Users\Dnyaneshwar\.m2\repository\com\google\j2objc\j2objc-annotations\1.3\j2objc-annotations-1.3.jar;C:\Users\Dnyaneshwar\.m2\repository\com\googlecode\owasp-java-html-sanitizer\owasp-java-html-sanitizer\20211018.2\owasp-java-html-sanitizer-20211018.2.jar;C:\Users\Dnyaneshwar\.m2\repository\commons-configuration\commons-configuration\1.10\commons-configuration-1.10.jar;C:\Users\Dnyaneshwar\.m2\repository\commons-lang\commons-lang\2.6\commons-lang-2.6.jar;C:\Users\Dnyaneshwar\.m2\repository\commons-logging\commons-logging\1.1.1\commons-logging-1.1.1.jar;C:\Users\Dnyaneshwar\.m2\repository\javax\xml\parsers\jaxp-api\1.4.5\jaxp-api-1.4.5.jar;C:\Users\Dnyaneshwar\.m2\repository\com\googlecode\json-simple\json-simple\1.1.1\json-simple-1.1.1.jar;C:\Users\Dnyaneshwar\.m2\repository\org\freemarker\freemarker\2.3.32\freemarker-2.3.32.jar;C:\Users\Dnyaneshwar\.m2\repository\org\slf4j\slf4j-api\1.7.5\slf4j-api-1.7.5.jar;C:\Users\Dnyaneshwar\.m2\repository\org\slf4j\slf4j-log4j12\1.7.5\slf4j-log4j12-1.7.5.jar;C:\Users\Dnyaneshwar\.m2\repository\log4j\log4j\1.2.17\log4j-1.2.17.jar;C:\Users\Dnyaneshwar\.m2\repository\org\apache\maven\surefire\surefire-testng-utils\2.22.0\surefire-testng-utils-2.22.0.jar;C:\Users\Dnyaneshwar\.m2\repository\org\apache\maven\surefire\surefire-grouper\2.22.0\surefire-grouper-2.22.0.jar;"/>
    <property name="sun.cpu.endian" value="little"/>
    <property name="user.home" value="C:\Users\Dnyaneshwar"/>
    <property name="user.language" value="en"/>
    <property name="java.specification.vendor" value="Oracle Corporation"/>
    <property name="java.version.date" value="2022-04-19"/>
    <property name="java.home" value="C:\Users\Dnyaneshwar\.p2\pool\plugins\org.eclipse.justj.openjdk.hotspot.jre.full.win32.x86_64_18.0.1.v20220515-1614\jre"/>
    <property name="file.separator" value="\"/>
    <property name="basedir" value="E:\Udemy_Java_Course\RahulShettyAddProduct"/>
    <property name="java.vm.compressedOopsMode" value="32-bit"/>
    <property name="line.separator" value="&#10;"/>
    <property name="java.vm.specification.vendor" value="Oracle Corporation"/>
    <property name="java.specification.name" value="Java Platform API Specification"/>
    <property name="surefire.real.class.path" value="C:\Users\DNYANE~1\AppData\Local\Temp\surefire16116242275632168286\surefirebooter10807849996923411936.jar"/>
    <property name="user.script" value=""/>
    <property name="sun.management.compiler" value="HotSpot 64-Bit Tiered Compilers"/>
    <property name="java.runtime.version" value="18.0.1+10"/>
    <property name="user.name" value="Dnyaneshwar"/>
    <property name="path.separator" value=";"/>
    <property name="os.version" value="10.0"/>
    <property name="java.runtime.name" value="OpenJDK Runtime Environment"/>
    <property name="file.encoding" value="UTF-8"/>
    <property name="java.vm.name" value="OpenJDK 64-Bit Server VM"/>
    <property name="java.vendor.version" value="Temurin-18.0.1+10"/>
    <property name="localRepository" value="C:\Users\Dnyaneshwar\.m2\repository"/>
    <property name="java.vendor.url.bug" value="https://github.com/adoptium/adoptium-support/issues"/>
    <property name="java.io.tmpdir" value="C:\Users\DNYANE~1\AppData\Local\Temp\"/>
    <property name="java.version" value="18.0.1"/>
    <property name="user.dir" value="E:\Udemy_Java_Course\RahulShettyAddProduct"/>
    <property name="os.arch" value="amd64"/>
    <property name="java.vm.specification.name" value="Java Virtual Machine Specification"/>
    <property name="sun.os.patch.level" value=""/>
    <property name="native.encoding" value="Cp1252"/>
    <property name="java.library.path" value="C:\Users\Dnyaneshwar\.p2\pool\plugins\org.eclipse.justj.openjdk.hotspot.jre.full.win32.x86_64_18.0.1.v20220515-1614\jre\bin;C:\WINDOWS\Sun\Java\bin;C:\WINDOWS\system32;C:\WINDOWS;C:/Users/Dnyaneshwar/.p2/pool/plugins/org.eclipse.justj.openjdk.hotspot.jre.full.win32.x86_64_18.0.1.v20220515-1614/jre/bin/server;C:/Users/Dnyaneshwar/.p2/pool/plugins/org.eclipse.justj.openjdk.hotspot.jre.full.win32.x86_64_18.0.1.v20220515-1614/jre/bin;C:\Users\Dnyaneshwar\AppData\Local\Programs\Python\Python310\;C:\Users\Dnyaneshwar\AppData\Local\Programs\Python\Python310\Scripts;C:\Users\Dnyaneshwar\AppData\Local\Microsoft\WindowsApps;C:\Program Files\RSA SecurID Token Common\;C:\Program Files\Git\cmd;C:\strawberry\c\bin;C:\strawberry\perl\bin;C:\WINDOWS\system32;C:\WINDOWS;C:\WINDOWS\System32\Wbem;C:\WINDOWS\System32\WindowsPowerShell\v1.0\;C:\WINDOWS\System32\OpenSSH\;C:\Program Files (x86)\Microsoft SQL Server\160\DTS\Binn\;C:\Program Files\Azure Data Studio\bin;C:\Program Files (x86)\Microsoft SQL Server\160\Tools\Binn\;C:\Program Files\Microsoft SQL Server\160\Tools\Binn\;C:\Program Files\Microsoft SQL Server\Client SDK\ODBC\170\Tools\Binn\;C:\Program Files\Microsoft SQL Server\160\DTS\Binn\;C:\Apache Ant\ANT\apache-ant-1.10.14\bin;C:\Program Files\Java\jdk1.8.0_202\bin;C:\Program Files\Microsoft SQL Server\MSSQL16.SQLEXPRESS\MSSQL\Binn;C:\MavenRepository\apache-maven-3.8.6\bin;C:\Users\Dnyaneshwar\AppData\Local\Programs\Microsoft VS Code\bin;C:\Users\Dnyaneshwar\AppData\Local\Microsoft\WindowsApps;;C:\Users\Dnyaneshwar\OneDrive\Desktop;;."/>
    <property name="java.vm.info" value="mixed mode"/>
    <property name="java.vendor" value="Eclipse Adoptium"/>
    <property name="java.vm.version" value="18.0.1+10"/>
    <property name="sun.io.unicode.encoding" value="UnicodeLittle"/>
    <property name="java.class.version" value="62.0"/>
  </properties>
</testsuite>