<?xml version="1.0" encoding="UTF-8"?>
<!-- Generated by org.testng.reporters.JUnitReportReporter -->
<testsuite hostname="DESKTOP-PRGH605" failures="0" tests="2" name="testNgtests.InvalidLogin" time="8.618" errors="0" timestamp="2025-07-12T16:18:58 IST" skipped="0">
  <testcase classname="testNgtests.InvalidLogin" name="invalidLoginUsers" time="4.312"/>
  <system-out/>
  <testcase classname="testNgtests.InvalidLogin" name="invalidLoginUsers" time="4.306"/>
  <system-out/>
</testsuite> <!-- testNgtests.InvalidLogin -->
