<?xml version="1.0" encoding="UTF-8"?>
<!-- Generated by org.testng.reporters.JUnitReportReporter -->
<testsuite hostname="DESKTOP-PRGH605" failures="0" tests="2" name="com.rahul.webTestRunner.TesRunners" time="14.757" errors="0" timestamp="2025-03-31T12:03:24 IST" skipped="0">
  <testcase classname="com.rahul.webTestRunner.TesRunners" name="runScenario" time="4.127"/>
  <system-out/>
  <testcase classname="com.rahul.webTestRunner.TesRunners" name="runScenario" time="10.630"/>
  <system-out/>
</testsuite> <!-- com.rahul.webTestRunner.TesRunners -->
