<?xml version="1.0" encoding="UTF-8"?>
<!-- Generated by org.testng.reporters.JUnitReportReporter -->
<testsuite hostname="DESKTOP-PRGH605" failures="0" tests="2" name="testNgtests.InvalidLogin" time="8.969" errors="0" timestamp="2025-07-12T19:11:02 IST" skipped="0">
  <testcase classname="testNgtests.InvalidLogin" name="invalidLoginUsers" time="4.048"/>
  <system-out/>
  <testcase classname="testNgtests.InvalidLogin" name="invalidLoginUsers" time="4.921"/>
  <system-out/>
</testsuite> <!-- testNgtests.InvalidLogin -->
