<?xml version="1.0" encoding="UTF-8"?>
<!-- Generated by org.testng.reporters.JUnitReportReporter -->
<testsuite hostname="DESKTOP-PRGH605" failures="0" tests="1" name="com.rahul.aloneTest.SubmitOrderTest" time="38.200" errors="0" timestamp="2025-03-31T10:14:43 IST" skipped="0">
  <testcase classname="com.rahul.aloneTest.SubmitOrderTest" name="submitOrderForProduct" time="38.200"/>
  <system-out/>
</testsuite> <!-- com.rahul.aloneTest.SubmitOrderTest -->
