<?xml version="1.0" encoding="UTF-8"?>
<!-- Generated by org.testng.reporters.JUnitReportReporter -->
<testsuite hostname="DESKTOP-PRGH605" failures="0" tests="1" name="testNgtests.SubmitOrderTest" time="37.548" errors="0" timestamp="2025-06-13T11:29:17 IST" skipped="0">
  <testcase classname="testNgtests.SubmitOrderTest" name="submitOrderForProduct" time="37.548"/>
  <system-out/>
</testsuite> <!-- testNgtests.SubmitOrderTest -->
