<?xml version="1.0" encoding="UTF-8"?>
<!-- Generated by org.testng.reporters.JUnitReportReporter -->
<testsuite hostname="DESKTOP-PRGH605" failures="0" tests="1" name="testNgtests.SubmitOrderTest" time="45.441" errors="0" timestamp="2025-07-13T17:59:01 IST" skipped="0">
  <testcase classname="testNgtests.SubmitOrderTest" name="submitOrderForProduct" time="45.441"/>
  <system-out/>
</testsuite> <!-- testNgtests.SubmitOrderTest -->
