<?xml version="1.0" encoding="UTF-8"?>
<!-- Generated by org.testng.reporters.JUnitReportReporter -->
<testsuite hostname="DESKTOP-PRGH605" failures="0" tests="2" name="com.rahul.aloneTest.InvalidLogin" time="1.764" errors="0" timestamp="2025-03-31T10:14:43 IST" skipped="0">
  <testcase classname="com.rahul.aloneTest.InvalidLogin" name="invalidLoginUsers" time="1.310"/>
  <system-out/>
  <testcase classname="com.rahul.aloneTest.InvalidLogin" name="invalidLoginUsers" time="0.454"/>
  <system-out/>
</testsuite> <!-- com.rahul.aloneTest.InvalidLogin -->
