<?xml version="1.0" encoding="UTF-8"?>
<!-- Generated by org.testng.reporters.JUnitReportReporter -->
<<<<<<< HEAD
<testsuite hostname="DESKTOP-PRGH605" failures="0" tests="2" name="testNgtests.InvalidLogin" time="8.969" errors="0" timestamp="2025-07-12T19:11:02 IST" skipped="0">
  <testcase classname="testNgtests.InvalidLogin" name="invalidLoginUsers" time="4.048"/>
  <system-out/>
  <testcase classname="testNgtests.InvalidLogin" name="invalidLoginUsers" time="4.921"/>
=======
<testsuite hostname="DESKTOP-PRGH605" failures="0" tests="2" name="testNgtests.InvalidLogin" time="7.395" errors="0" timestamp="2025-06-13T15:05:27 IST" skipped="0">
  <testcase classname="testNgtests.InvalidLogin" name="invalidLoginUsers" time="3.023"/>
  <system-out/>
  <testcase classname="testNgtests.InvalidLogin" name="invalidLoginUsers" time="4.372"/>
>>>>>>> ca29d0bc2b4e9a03787f1dc1c73b8cfcc99ee902
  <system-out/>
</testsuite> <!-- testNgtests.InvalidLogin -->
