<?xml version="1.0" encoding="UTF-8"?>
<!-- Generated by org.testng.reporters.JUnitReportReporter -->
<<<<<<< HEAD
<testsuite hostname="DESKTOP-PRGH605" failures="0" tests="1" name="testNgtests.SubmitOrderTest" time="41.628" errors="0" timestamp="2025-07-12T19:11:02 IST" skipped="0">
  <testcase classname="testNgtests.SubmitOrderTest" name="submitOrderForProduct" time="41.628"/>
=======
<testsuite hostname="DESKTOP-PRGH605" failures="0" tests="1" name="testNgtests.SubmitOrderTest" time="43.924" errors="0" timestamp="2025-06-13T15:05:27 IST" skipped="0">
  <testcase classname="testNgtests.SubmitOrderTest" name="submitOrderForProduct" time="43.924"/>
>>>>>>> ca29d0bc2b4e9a03787f1dc1c73b8cfcc99ee902
  <system-out/>
</testsuite> <!-- testNgtests.SubmitOrderTest -->
