<?xml version="1.0" encoding="UTF-8"?>
<!-- Generated by org.testng.reporters.JUnitReportReporter -->
<testsuite hostname="DESKTOP-PRGH605" failures="0" tests="1" name="testNgtests.SubmitOrderTest" time="42.376" errors="0" timestamp="2025-07-13T14:51:44 IST" skipped="0">
  <testcase classname="testNgtests.SubmitOrderTest" name="submitOrderForProduct" time="42.376"/>
  <system-out/>
</testsuite> <!-- testNgtests.SubmitOrderTest -->
