<?xml version="1.0" encoding="UTF-8"?>
<!-- Generated by org.testng.reporters.JUnitReportReporter -->
<testsuite hostname="DESKTOP-PRGH605" failures="0" tests="2" name="testNgtests.InvalidLogin" time="7.395" errors="0" timestamp="2025-06-13T15:05:27 IST" skipped="0">
  <testcase classname="testNgtests.InvalidLogin" name="invalidLoginUsers" time="3.023"/>
  <system-out/>
  <testcase classname="testNgtests.InvalidLogin" name="invalidLoginUsers" time="4.372"/>
  <system-out/>
</testsuite> <!-- testNgtests.InvalidLogin -->
