<?xml version="1.0" encoding="UTF-8"?>
<!-- Generated by org.testng.reporters.JUnitReportReporter -->
<testsuite hostname="DESKTOP-PRGH605" failures="0" tests="2" name="testNgtests.InvalidLogin" time="13.420" errors="0" timestamp="2025-06-13T11:29:17 IST" skipped="0">
  <testcase classname="testNgtests.InvalidLogin" name="invalidLoginUsers" time="4.798"/>
  <system-out/>
  <testcase classname="testNgtests.InvalidLogin" name="invalidLoginUsers" time="8.622"/>
  <system-out/>
</testsuite> <!-- testNgtests.InvalidLogin -->
