<?xml version="1.0" encoding="UTF-8"?>
<!-- Generated by org.testng.reporters.JUnitReportReporter -->
<testsuite hostname="DESKTOP-PRGH605" failures="0" tests="1" name="testNgtests.SubmitOrderTest" time="43.924" errors="0" timestamp="2025-06-13T15:05:27 IST" skipped="0">
  <testcase classname="testNgtests.SubmitOrderTest" name="submitOrderForProduct" time="43.924"/>
  <system-out/>
</testsuite> <!-- testNgtests.SubmitOrderTest -->
